Determining if the pthread_create exist failed with the following output:
Change Dir: /home/liuxg/git/mailcheck/CMakeFiles/CMakeTmp

Run Build Command:/usr/bin/make "cmTryCompileExec2443332756/fast"
/usr/bin/make -f CMakeFiles/cmTryCompileExec2443332756.dir/build.make CMakeFiles/cmTryCompileExec2443332756.dir/build
make[1]: Entering directory '/home/liuxg/git/mailcheck/CMakeFiles/CMakeTmp'
/usr/bin/cmake -E cmake_progress_report /home/liuxg/git/mailcheck/CMakeFiles/CMakeTmp/CMakeFiles 1
Building C object CMakeFiles/cmTryCompileExec2443332756.dir/CheckSymbolExists.c.o
/usr/bin/arm-linux-gnueabihf-gcc    -o CMakeFiles/cmTryCompileExec2443332756.dir/CheckSymbolExists.c.o   -c /home/liuxg/git/mailcheck/CMakeFiles/CMakeTmp/CheckSymbolExists.c
Linking C executable cmTryCompileExec2443332756
/usr/bin/cmake -E cmake_link_script CMakeFiles/cmTryCompileExec2443332756.dir/link.txt --verbose=1
/usr/bin/arm-linux-gnueabihf-gcc       CMakeFiles/cmTryCompileExec2443332756.dir/CheckSymbolExists.c.o  -o cmTryCompileExec2443332756 -rdynamic 
CMakeFiles/cmTryCompileExec2443332756.dir/CheckSymbolExists.c.o: In function `main':
CheckSymbolExists.c:(.text+0xe): undefined reference to `pthread_create'
CheckSymbolExists.c:(.text+0x12): undefined reference to `pthread_create'
collect2: error: ld returned 1 exit status
CMakeFiles/cmTryCompileExec2443332756.dir/build.make:88: recipe for target 'cmTryCompileExec2443332756' failed
make[1]: Leaving directory '/home/liuxg/git/mailcheck/CMakeFiles/CMakeTmp'
make[1]: *** [cmTryCompileExec2443332756] Error 1
Makefile:114: recipe for target 'cmTryCompileExec2443332756/fast' failed
make: *** [cmTryCompileExec2443332756/fast] Error 2

File /home/liuxg/git/mailcheck/CMakeFiles/CMakeTmp/CheckSymbolExists.c:
/* */
#include <pthread.h>

int main(int argc, char** argv)
{
  (void)argv;
#ifndef pthread_create
  return ((int*)(&pthread_create))[argc];
#else
  (void)argc;
  return 0;
#endif
}

Determining if the function pthread_create exists in the pthreads failed with the following output:
Change Dir: /home/liuxg/git/mailcheck/CMakeFiles/CMakeTmp

Run Build Command:/usr/bin/make "cmTryCompileExec3896534502/fast"
/usr/bin/make -f CMakeFiles/cmTryCompileExec3896534502.dir/build.make CMakeFiles/cmTryCompileExec3896534502.dir/build
make[1]: Entering directory '/home/liuxg/git/mailcheck/CMakeFiles/CMakeTmp'
/usr/bin/cmake -E cmake_progress_report /home/liuxg/git/mailcheck/CMakeFiles/CMakeTmp/CMakeFiles 1
Building C object CMakeFiles/cmTryCompileExec3896534502.dir/CheckFunctionExists.c.o
/usr/bin/arm-linux-gnueabihf-gcc   -DCHECK_FUNCTION_EXISTS=pthread_create   -o CMakeFiles/cmTryCompileExec3896534502.dir/CheckFunctionExists.c.o   -c /usr/share/cmake-2.8/Modules/CheckFunctionExists.c
Linking C executable cmTryCompileExec3896534502
/usr/bin/cmake -E cmake_link_script CMakeFiles/cmTryCompileExec3896534502.dir/link.txt --verbose=1
/usr/bin/arm-linux-gnueabihf-gcc   -DCHECK_FUNCTION_EXISTS=pthread_create    CMakeFiles/cmTryCompileExec3896534502.dir/CheckFunctionExists.c.o  -o cmTryCompileExec3896534502 -rdynamic -lpthreads 
/usr/lib/gcc-cross/arm-linux-gnueabihf/4.9/../../../../arm-linux-gnueabihf/bin/ld: cannot find -lpthreads
collect2: error: ld returned 1 exit status
CMakeFiles/cmTryCompileExec3896534502.dir/build.make:88: recipe for target 'cmTryCompileExec3896534502' failed
make[1]: *** [cmTryCompileExec3896534502] Error 1
make[1]: Leaving directory '/home/liuxg/git/mailcheck/CMakeFiles/CMakeTmp'
Makefile:114: recipe for target 'cmTryCompileExec3896534502/fast' failed
make: *** [cmTryCompileExec3896534502/fast] Error 2


